<?xml version="1.0" encoding="UTF-8"?>
<!-- Generated by org.testng.reporters.JUnitXMLReporter -->
<testsuite ignored="2" hostname="CSK" failures="2" tests="2" name="Test" time="47.23" errors="0" timestamp="2024-11-15T10:22:03 IST">
  <testcase classname="genericUtility.BassClass" name="@AfterMethod logout" time="0.049">
    <failure type="java.lang.NullPointerException" message="Cannot invoke &amp;quot;objectRepository.Homepage.getLogoutLink()&amp;quot; because &amp;quot;this.hp&amp;quot; is null">
      <![CDATA[java.lang.NullPointerException: Cannot invoke "objectRepository.Homepage.getLogoutLink()" because "this.hp" is null
at genericUtility.BassClass.logout(BassClass.java:85)
at java.base/java.util.ArrayList.forEach(ArrayList.java:1597)
... Removed 30 stack frames]]>
    </failure>
  </testcase> <!-- @AfterMethod logout -->
  <testcase classname="genericUtility.BassClass" name="@AfterClass closingBrowsers" time="-1.731646289967E9">
    <skipped/>
  </testcase> <!-- @AfterClass closingBrowsers -->
  <testcase classname="testScript.Books" name="BooksLink" time="0.006">
    <failure type="java.lang.NullPointerException" message="Cannot invoke &amp;quot;com.aventstack.extentreports.ExtentTest.log(com.aventstack.extentreports.Status, String)&amp;quot; because &amp;quot;genericUtility.ListenerUtility.etest&amp;quot; is null">
      <![CDATA[java.lang.NullPointerException: Cannot invoke "com.aventstack.extentreports.ExtentTest.log(com.aventstack.extentreports.Status, String)" because "genericUtility.ListenerUtility.etest" is null
at genericUtility.ListenerUtility.onTestStart(ListenerUtility.java:16)
at java.base/java.util.ArrayList.forEach(ArrayList.java:1597)
... Removed 24 stack frames]]>
    </failure>
  </testcase> <!-- BooksLink -->
  <testcase classname="testScript.Computers" name="ComputersLink" time="3.657">
    <failure type="java.lang.AssertionError" message="computers page is Not Displayed expected [Lastname] but found [Demo Web Shop. Computers]">
      <![CDATA[java.lang.AssertionError: computers page is Not Displayed expected [Lastname] but found [Demo Web Shop. Computers]
at testScript.Computers.ComputersLink(Computers.java:24)
at java.base/java.util.ArrayList.forEach(ArrayList.java:1597)
... Removed 34 stack frames]]>
    </failure>
  </testcase> <!-- ComputersLink -->
  <testcase classname="genericUtility.BassClass" name="@BeforeSuite reportConfig" time="0.0">
    <ignored/>
  </testcase> <!-- @BeforeSuite reportConfig -->
  <testcase classname="genericUtility.BassClass" name="@AfterSuite reportBackUp" time="0.0">
    <ignored/>
  </testcase> <!-- @AfterSuite reportBackUp -->
</testsuite> <!-- Test -->
